INFO 2023-04-25 18:29:48,216 trigger_reload D:\Projects\AQS8.0\server\aqs\aqs\settings.py changed, reloading.
INFO 2023-04-25 18:29:49,854 autoreloadrun_with_reloader Watching for file changes with StatReloader
INFO 2023-04-25 18:29:49,976 views<module> -SCH- Schedule INIT start @ base.sch.view.py -SCH-
INFO 2023-04-25 18:29:49,976 views<module> -SCH- Now:04/25/2023, 10:29:49
INFO 2023-04-25 18:29:50,099 viewsinit_branch_reset  -SCH- Next reset [KB]: 2023-04-25 15:59:59 Local:2023-04-25 23:59:59
INFO 2023-04-25 18:29:50,100 viewsinit_branch_reset    -SCH- reset time: 15:59:59 Local Time: 23:59:59
INFO 2023-04-25 18:29:50,100 viewsinit_branch_reset    -SCH- 2023-04-25 15:59:59 > 2023-04-25 10:29:49 [Yes]
INFO 2023-04-25 18:29:50,164 viewsinit_branch_reset  -SCH- Next reset [MK]: 2023-04-25 15:59:59 Local:2023-04-25 23:59:59
INFO 2023-04-25 18:29:50,164 viewsinit_branch_reset    -SCH- reset time: 15:59:59 Local Time: 23:59:59
INFO 2023-04-25 18:29:50,165 viewsinit_branch_reset    -SCH- 2023-04-25 15:59:59 > 2023-04-25 10:29:49 [Yes]
INFO 2023-04-25 18:29:50,173 viewsinit_branch_reset  -SCH- Next reset [HY]: 2023-04-25 18:00:00 Local:2023-04-26 02:00:00
INFO 2023-04-25 18:29:50,174 viewsinit_branch_reset    -SCH- reset time: 18:00:00 Local Time: 02:00:00
INFO 2023-04-25 18:29:50,175 viewsinit_branch_reset    -SCH- 2023-04-25 18:00:00 > 2023-04-25 10:29:49 [Yes]
INFO 2023-04-25 18:29:56,796 autoreloadtrigger_reload D:\Projects\AQS8.0\server\aqs\aqs\settings.py changed, reloading.
INFO 2023-04-25 18:29:58,427 autoreload>run_with_reloader Watching for file changes with StatReloader
INFO 2023-04-25 18:29:58,549 views><module> -SCH- Schedule INIT start @ base.sch.view.py -SCH-
INFO 2023-04-25 18:29:58,549 views><module> -SCH- Now:04/25/2023, 10:29:58
INFO 2023-04-25 18:29:58,672 views>init_branch_reset  -SCH- Next reset [KB]: 2023-04-25 15:59:59 Local:2023-04-25 23:59:59
INFO 2023-04-25 18:29:58,673 views>init_branch_reset    -SCH- reset time: 15:59:59 Local Time: 23:59:59
INFO 2023-04-25 18:29:58,674 views>init_branch_reset    -SCH- 2023-04-25 15:59:59 > 2023-04-25 10:29:58 [Yes]
INFO 2023-04-25 18:29:58,736 views>init_branch_reset  -SCH- Next reset [MK]: 2023-04-25 15:59:59 Local:2023-04-25 23:59:59
INFO 2023-04-25 18:29:58,737 views>init_branch_reset    -SCH- reset time: 15:59:59 Local Time: 23:59:59
INFO 2023-04-25 18:29:58,737 views>init_branch_reset    -SCH- 2023-04-25 15:59:59 > 2023-04-25 10:29:58 [Yes]
INFO 2023-04-25 18:29:58,744 views>init_branch_reset  -SCH- Next reset [HY]: 2023-04-25 18:00:00 Local:2023-04-26 02:00:00
INFO 2023-04-25 18:29:58,745 views>init_branch_reset    -SCH- reset time: 18:00:00 Local Time: 02:00:00
INFO 2023-04-25 18:29:58,746 views>init_branch_reset    -SCH- 2023-04-25 18:00:00 > 2023-04-25 10:29:58 [Yes]
INFO 2023-04-25 18:30:53,452 autoreload>trigger_reload D:\Projects\AQS8.0\server\aqs\aqs\settings.py changed, reloading.
INFO 2023-04-25 18:30:55,092 autoreload>run_with_reloader Watching for file changes with StatReloader
INFO 2023-04-25 18:30:55,212 views><module> -SCH- Schedule INIT start @ base.sch.view.py -SCH-
INFO 2023-04-25 18:30:55,212 views><module> -SCH- Now:04/25/2023, 10:30:55
INFO 2023-04-25 18:30:55,334 views>init_branch_reset  -SCH- Next reset [KB]: 2023-04-25 15:59:59 Local:2023-04-25 23:59:59
INFO 2023-04-25 18:30:55,335 views>init_branch_reset    -SCH- reset time: 15:59:59 Local Time: 23:59:59
INFO 2023-04-25 18:30:55,335 views>init_branch_reset    -SCH- 2023-04-25 15:59:59 > 2023-04-25 10:30:55 [Yes]
INFO 2023-04-25 18:30:55,399 views>init_branch_reset  -SCH- Next reset [MK]: 2023-04-25 15:59:59 Local:2023-04-25 23:59:59
INFO 2023-04-25 18:30:55,400 views>init_branch_reset    -SCH- reset time: 15:59:59 Local Time: 23:59:59
INFO 2023-04-25 18:30:55,400 views>init_branch_reset    -SCH- 2023-04-25 15:59:59 > 2023-04-25 10:30:55 [Yes]
INFO 2023-04-25 18:30:55,408 views>init_branch_reset  -SCH- Next reset [HY]: 2023-04-25 18:00:00 Local:2023-04-26 02:00:00
INFO 2023-04-25 18:30:55,409 views>init_branch_reset    -SCH- reset time: 18:00:00 Local Time: 02:00:00
INFO 2023-04-25 18:30:55,409 views>init_branch_reset    -SCH- 2023-04-25 18:00:00 > 2023-04-25 10:30:55 [Yes]
